build/app/intermediates/manifest_merge_blame_file/debug/manifest-merger-blame-debug-report.txt
1<?xml version="1.0" encoding="utf-8"?>
2<manifest xmlns:android="http://schemas.android.com/apk/res/android"
3    package="com.example.liquor_inventory"
4    android:versionCode="1"
5    android:versionName="1.0.0" >
6
7    <uses-sdk
8        android:minSdkVersion="21"
9        android:targetSdkVersion="31" />
10    <!--
11         Flutter needs it to communicate with the running application
12         to allow setting breakpoints, to provide hot reload, etc.
13    -->
14    <uses-permission android:name="android.permission.INTERNET" />
14-->src/main/AndroidManifest.xml:3:9-70
14-->src/main/AndroidManifest.xml:3:26-68
15    <uses-permission android:name="android.permission.CAMERA" />
15-->src/main/AndroidManifest.xml:5:6-66
15-->src/main/AndroidManifest.xml:5:23-63
16    <uses-permission android:name="android.permission.FLASHLIGHT" />
16-->src/main/AndroidManifest.xml:6:5-69
16-->src/main/AndroidManifest.xml:6:22-66
17
18    <uses-feature android:name="android.hardware.camera" />
18-->[:flutter_barcode_scanner] AndroidManifest.xml:11:5-60
18-->[:flutter_barcode_scanner] AndroidManifest.xml:11:19-57
19
20    <uses-permission android:name="android.permission.RECEIVE_BOOT_COMPLETED" />
20-->[:flutter_local_notifications] AndroidManifest.xml:7:5-81
20-->[:flutter_local_notifications] AndroidManifest.xml:7:22-78
21    <uses-permission android:name="android.permission.VIBRATE" />
21-->[:flutter_local_notifications] AndroidManifest.xml:8:5-66
21-->[:flutter_local_notifications] AndroidManifest.xml:8:22-63
22    <uses-permission android:name="android.permission.USE_FULL_SCREEN_INTENT" />
22-->[:flutter_local_notifications] AndroidManifest.xml:9:5-81
22-->[:flutter_local_notifications] AndroidManifest.xml:9:22-78
23    <uses-permission android:name="android.permission.SCHEDULE_EXACT_ALARM" />
23-->[:flutter_local_notifications] AndroidManifest.xml:10:5-79
23-->[:flutter_local_notifications] AndroidManifest.xml:10:22-76
24    <uses-permission android:name="android.permission.ACCESS_NETWORK_STATE" />
24-->[com.google.firebase:firebase-auth:21.0.3] AndroidManifest.xml:24:5-79
24-->[com.google.firebase:firebase-auth:21.0.3] AndroidManifest.xml:24:22-76
25    <uses-permission android:name="android.permission.WAKE_LOCK" />
25-->[com.google.android.gms:play-services-measurement-api:20.1.2] AndroidManifest.xml:24:5-68
25-->[com.google.android.gms:play-services-measurement-api:20.1.2] AndroidManifest.xml:24:22-65
26    <uses-permission android:name="com.google.android.gms.permission.AD_ID" />
26-->[com.google.android.gms:play-services-measurement-api:20.1.2] AndroidManifest.xml:25:5-79
26-->[com.google.android.gms:play-services-measurement-api:20.1.2] AndroidManifest.xml:25:22-76
27    <uses-permission android:name="com.google.android.finsky.permission.BIND_GET_INSTALL_REFERRER_SERVICE" />
27-->[com.google.android.gms:play-services-measurement:20.1.2] AndroidManifest.xml:26:5-110
27-->[com.google.android.gms:play-services-measurement:20.1.2] AndroidManifest.xml:26:22-107
28
29    <application
30        android:name="io.flutter.app.FlutterMultiDexApplication"
31        android:appComponentFactory="androidx.core.app.CoreComponentFactory"
31-->[androidx.core:core:1.6.0] AndroidManifest.xml:24:18-86
32        android:debuggable="true"
33        android:icon="@mipmap/ic_launcher"
34        android:label="Liquor Inventory"
35        android:largeHeap="true"
35-->[:flutter_barcode_scanner] AndroidManifest.xml:16:9-33
36        android:theme="@style/Theme.AppCompat.NoActionBar"
36-->[:flutter_barcode_scanner] AndroidManifest.xml:17:9-59
37        android:usesCleartextTraffic="true" >
38        <activity
39            android:name="com.example.liquor_inventory.MainActivity"
40            android:configChanges="orientation|keyboardHidden|keyboard|screenSize|smallestScreenSize|locale|layoutDirection|fontScale|screenLayout|density|uiMode"
41            android:exported="true"
42            android:hardwareAccelerated="true"
43            android:launchMode="singleTop"
44            android:showWhenLocked="true"
45            android:theme="@style/LaunchTheme"
46            android:turnScreenOn="true"
47            android:windowSoftInputMode="adjustResize" >
48
49            <!--
50                 Specifies an Android theme to apply to this Activity as soon as
51                 the Android process has started. This theme is visible to the user
52                 while the Flutter UI initializes. After that, this theme continues
53                 to determine the Window background behind the Flutter UI.
54            -->
55            <meta-data
56                android:name="io.flutter.embedding.android.NormalTheme"
57                android:resource="@style/NormalTheme" />
58
59            <intent-filter>
60                <action android:name="android.intent.action.MAIN" />
61
62                <category android:name="android.intent.category.LAUNCHER" />
63            </intent-filter>
64        </activity>
65        <!--
66             Don't delete the meta-data below.
67             This is used by the Flutter tool to generate GeneratedPluginRegistrant.java
68        -->
69        <meta-data
70            android:name="flutterEmbedding"
71            android:value="2" />
72
73        <service
73-->[:firebase_database] AndroidManifest.xml:8:9-12:19
74            android:name="com.google.firebase.components.ComponentDiscoveryService"
74-->[:firebase_database] AndroidManifest.xml:8:18-89
75            android:directBootAware="true"
75-->[com.google.firebase:firebase-common:20.1.0] AndroidManifest.xml:35:13-43
76            android:exported="false" >
76-->[com.google.firebase:firebase-auth:21.0.3] AndroidManifest.xml:66:13-37
77            <meta-data
77-->[:firebase_database] AndroidManifest.xml:9:13-11:85
78                android:name="com.google.firebase.components:io.flutter.plugins.firebase.database.FlutterFirebaseAppRegistrar"
78-->[:firebase_database] AndroidManifest.xml:10:17-127
79                android:value="com.google.firebase.components.ComponentRegistrar" />
79-->[:firebase_database] AndroidManifest.xml:11:17-82
80            <meta-data
80-->[:firebase_auth] AndroidManifest.xml:9:13-11:85
81                android:name="com.google.firebase.components:io.flutter.plugins.firebase.auth.FlutterFirebaseAuthRegistrar"
81-->[:firebase_auth] AndroidManifest.xml:10:17-124
82                android:value="com.google.firebase.components.ComponentRegistrar" />
82-->[:firebase_auth] AndroidManifest.xml:11:17-82
83            <meta-data
83-->[:firebase_storage] AndroidManifest.xml:9:13-11:85
84                android:name="com.google.firebase.components:io.flutter.plugins.firebase.storage.FlutterFirebaseAppRegistrar"
84-->[:firebase_storage] AndroidManifest.xml:10:17-126
85                android:value="com.google.firebase.components.ComponentRegistrar" />
85-->[:firebase_storage] AndroidManifest.xml:11:17-82
86            <meta-data
86-->[:firebase_core] AndroidManifest.xml:9:13-11:85
87                android:name="com.google.firebase.components:io.flutter.plugins.firebase.core.FlutterFirebaseCoreRegistrar"
87-->[:firebase_core] AndroidManifest.xml:10:17-124
88                android:value="com.google.firebase.components.ComponentRegistrar" />
88-->[:firebase_core] AndroidManifest.xml:11:17-82
89            <meta-data
89-->[com.google.firebase:firebase-auth:21.0.3] AndroidManifest.xml:67:13-69:85
90                android:name="com.google.firebase.components:com.google.firebase.auth.FirebaseAuthRegistrar"
90-->[com.google.firebase:firebase-auth:21.0.3] AndroidManifest.xml:68:17-109
91                android:value="com.google.firebase.components.ComponentRegistrar" />
91-->[com.google.firebase:firebase-auth:21.0.3] AndroidManifest.xml:69:17-82
92            <meta-data
92-->[com.google.firebase:firebase-storage:20.0.1] AndroidManifest.xml:33:13-35:85
93                android:name="com.google.firebase.components:com.google.firebase.storage.StorageRegistrar"
93-->[com.google.firebase:firebase-storage:20.0.1] AndroidManifest.xml:34:17-107
94                android:value="com.google.firebase.components.ComponentRegistrar" />
94-->[com.google.firebase:firebase-storage:20.0.1] AndroidManifest.xml:35:17-82
95            <meta-data
95-->[com.google.firebase:firebase-database:20.0.4] AndroidManifest.xml:32:13-34:85
96                android:name="com.google.firebase.components:com.google.firebase.database.DatabaseRegistrar"
96-->[com.google.firebase:firebase-database:20.0.4] AndroidManifest.xml:33:17-109
97                android:value="com.google.firebase.components.ComponentRegistrar" />
97-->[com.google.firebase:firebase-database:20.0.4] AndroidManifest.xml:34:17-82
98            <meta-data
98-->[com.google.android.gms:play-services-measurement-api:20.1.2] AndroidManifest.xml:31:13-33:85
99                android:name="com.google.firebase.components:com.google.firebase.analytics.connector.internal.AnalyticsConnectorRegistrar"
99-->[com.google.android.gms:play-services-measurement-api:20.1.2] AndroidManifest.xml:32:17-139
100                android:value="com.google.firebase.components.ComponentRegistrar" />
100-->[com.google.android.gms:play-services-measurement-api:20.1.2] AndroidManifest.xml:33:17-82
101            <meta-data
101-->[com.google.firebase:firebase-installations:17.0.1] AndroidManifest.xml:18:13-20:85
102                android:name="com.google.firebase.components:com.google.firebase.installations.FirebaseInstallationsRegistrar"
102-->[com.google.firebase:firebase-installations:17.0.1] AndroidManifest.xml:19:17-127
103                android:value="com.google.firebase.components.ComponentRegistrar" />
103-->[com.google.firebase:firebase-installations:17.0.1] AndroidManifest.xml:20:17-82
104        </service>
105
106        <activity android:name="com.amolg.flutterbarcodescanner.BarcodeCaptureActivity" />
106-->[:flutter_barcode_scanner] AndroidManifest.xml:18:9-91
106-->[:flutter_barcode_scanner] AndroidManifest.xml:18:19-88
107
108        <provider
108-->[:image_picker_android] AndroidManifest.xml:8:9-16:20
109            android:name="io.flutter.plugins.imagepicker.ImagePickerFileProvider"
109-->[:image_picker_android] AndroidManifest.xml:9:13-82
110            android:authorities="com.example.liquor_inventory.flutter.image_provider"
110-->[:image_picker_android] AndroidManifest.xml:10:13-74
111            android:exported="false"
111-->[:image_picker_android] AndroidManifest.xml:11:13-37
112            android:grantUriPermissions="true" >
112-->[:image_picker_android] AndroidManifest.xml:12:13-47
113            <meta-data
113-->[:image_picker_android] AndroidManifest.xml:13:13-15:75
114                android:name="android.support.FILE_PROVIDER_PATHS"
114-->[:image_picker_android] AndroidManifest.xml:14:17-67
115                android:resource="@xml/flutter_image_picker_file_paths" />
115-->[:image_picker_android] AndroidManifest.xml:15:17-72
116        </provider>
117
118        <receiver
118-->[:flutter_local_notifications] AndroidManifest.xml:13:9-15:40
119            android:name="com.dexterous.flutterlocalnotifications.ScheduledNotificationReceiver"
119-->[:flutter_local_notifications] AndroidManifest.xml:14:13-97
120            android:exported="false" />
120-->[:flutter_local_notifications] AndroidManifest.xml:15:13-37
121        <receiver
121-->[:flutter_local_notifications] AndroidManifest.xml:16:9-25:20
122            android:name="com.dexterous.flutterlocalnotifications.ScheduledNotificationBootReceiver"
122-->[:flutter_local_notifications] AndroidManifest.xml:17:13-101
123            android:exported="false" >
123-->[:flutter_local_notifications] AndroidManifest.xml:18:13-37
124            <intent-filter>
124-->[:flutter_local_notifications] AndroidManifest.xml:19:13-24:29
125                <action android:name="android.intent.action.BOOT_COMPLETED" />
125-->[:flutter_local_notifications] AndroidManifest.xml:20:17-79
125-->[:flutter_local_notifications] AndroidManifest.xml:20:25-76
126                <action android:name="android.intent.action.MY_PACKAGE_REPLACED" />
126-->[:flutter_local_notifications] AndroidManifest.xml:21:17-84
126-->[:flutter_local_notifications] AndroidManifest.xml:21:25-81
127                <action android:name="android.intent.action.QUICKBOOT_POWERON" />
127-->[:flutter_local_notifications] AndroidManifest.xml:22:17-82
127-->[:flutter_local_notifications] AndroidManifest.xml:22:25-79
128                <action android:name="com.htc.intent.action.QUICKBOOT_POWERON" />
128-->[:flutter_local_notifications] AndroidManifest.xml:23:17-82
128-->[:flutter_local_notifications] AndroidManifest.xml:23:25-79
129            </intent-filter>
130        </receiver>
131
132        <uses-library
132-->[androidx.window:window:1.0.0-beta04] AndroidManifest.xml:25:9-27:40
133            android:name="androidx.window.extensions"
133-->[androidx.window:window:1.0.0-beta04] AndroidManifest.xml:26:13-54
134            android:required="false" />
134-->[androidx.window:window:1.0.0-beta04] AndroidManifest.xml:27:13-37
135        <uses-library
135-->[androidx.window:window:1.0.0-beta04] AndroidManifest.xml:28:9-30:40
136            android:name="androidx.window.sidecar"
136-->[androidx.window:window:1.0.0-beta04] AndroidManifest.xml:29:13-51
137            android:required="false" />
137-->[androidx.window:window:1.0.0-beta04] AndroidManifest.xml:30:13-37
138
139        <activity
139-->[com.google.firebase:firebase-auth:21.0.3] AndroidManifest.xml:27:9-44:20
140            android:name="com.google.firebase.auth.internal.GenericIdpActivity"
140-->[com.google.firebase:firebase-auth:21.0.3] AndroidManifest.xml:28:13-80
141            android:excludeFromRecents="true"
141-->[com.google.firebase:firebase-auth:21.0.3] AndroidManifest.xml:29:13-46
142            android:exported="true"
142-->[com.google.firebase:firebase-auth:21.0.3] AndroidManifest.xml:30:13-36
143            android:launchMode="singleTask"
143-->[com.google.firebase:firebase-auth:21.0.3] AndroidManifest.xml:31:13-44
144            android:theme="@android:style/Theme.Translucent.NoTitleBar" >
144-->[com.google.firebase:firebase-auth:21.0.3] AndroidManifest.xml:32:13-72
145            <intent-filter>
145-->[com.google.firebase:firebase-auth:21.0.3] AndroidManifest.xml:33:13-43:29
146                <action android:name="android.intent.action.VIEW" />
146-->[com.google.firebase:firebase-auth:21.0.3] AndroidManifest.xml:34:17-69
146-->[com.google.firebase:firebase-auth:21.0.3] AndroidManifest.xml:34:25-66
147
148                <category android:name="android.intent.category.DEFAULT" />
148-->[com.google.firebase:firebase-auth:21.0.3] AndroidManifest.xml:36:17-76
148-->[com.google.firebase:firebase-auth:21.0.3] AndroidManifest.xml:36:27-73
149                <category android:name="android.intent.category.BROWSABLE" />
149-->[com.google.firebase:firebase-auth:21.0.3] AndroidManifest.xml:37:17-78
149-->[com.google.firebase:firebase-auth:21.0.3] AndroidManifest.xml:37:27-75
150
151                <data
151-->[com.google.firebase:firebase-auth:21.0.3] AndroidManifest.xml:39:17-42:51
152                    android:host="firebase.auth"
152-->[com.google.firebase:firebase-auth:21.0.3] AndroidManifest.xml:40:21-49
153                    android:path="/"
153-->[com.google.firebase:firebase-auth:21.0.3] AndroidManifest.xml:41:21-37
154                    android:scheme="genericidp" />
154-->[com.google.firebase:firebase-auth:21.0.3] AndroidManifest.xml:42:21-48
155            </intent-filter>
156        </activity>
157        <activity
157-->[com.google.firebase:firebase-auth:21.0.3] AndroidManifest.xml:45:9-62:20
158            android:name="com.google.firebase.auth.internal.RecaptchaActivity"
158-->[com.google.firebase:firebase-auth:21.0.3] AndroidManifest.xml:46:13-79
159            android:excludeFromRecents="true"
159-->[com.google.firebase:firebase-auth:21.0.3] AndroidManifest.xml:47:13-46
160            android:exported="true"
160-->[com.google.firebase:firebase-auth:21.0.3] AndroidManifest.xml:48:13-36
161            android:launchMode="singleTask"
161-->[com.google.firebase:firebase-auth:21.0.3] AndroidManifest.xml:49:13-44
162            android:theme="@android:style/Theme.Translucent.NoTitleBar" >
162-->[com.google.firebase:firebase-auth:21.0.3] AndroidManifest.xml:50:13-72
163            <intent-filter>
163-->[com.google.firebase:firebase-auth:21.0.3] AndroidManifest.xml:51:13-61:29
164                <action android:name="android.intent.action.VIEW" />
164-->[com.google.firebase:firebase-auth:21.0.3] AndroidManifest.xml:34:17-69
164-->[com.google.firebase:firebase-auth:21.0.3] AndroidManifest.xml:34:25-66
165
166                <category android:name="android.intent.category.DEFAULT" />
166-->[com.google.firebase:firebase-auth:21.0.3] AndroidManifest.xml:36:17-76
166-->[com.google.firebase:firebase-auth:21.0.3] AndroidManifest.xml:36:27-73
167                <category android:name="android.intent.category.BROWSABLE" />
167-->[com.google.firebase:firebase-auth:21.0.3] AndroidManifest.xml:37:17-78
167-->[com.google.firebase:firebase-auth:21.0.3] AndroidManifest.xml:37:27-75
168
169                <data
169-->[com.google.firebase:firebase-auth:21.0.3] AndroidManifest.xml:39:17-42:51
170                    android:host="firebase.auth"
170-->[com.google.firebase:firebase-auth:21.0.3] AndroidManifest.xml:40:21-49
171                    android:path="/"
171-->[com.google.firebase:firebase-auth:21.0.3] AndroidManifest.xml:41:21-37
172                    android:scheme="recaptcha" />
172-->[com.google.firebase:firebase-auth:21.0.3] AndroidManifest.xml:42:21-48
173            </intent-filter>
174        </activity>
175
176        <provider
176-->[com.google.firebase:firebase-common:20.1.0] AndroidManifest.xml:26:9-31:39
177            android:name="com.google.firebase.provider.FirebaseInitProvider"
177-->[com.google.firebase:firebase-common:20.1.0] AndroidManifest.xml:27:13-77
178            android:authorities="com.example.liquor_inventory.firebaseinitprovider"
178-->[com.google.firebase:firebase-common:20.1.0] AndroidManifest.xml:28:13-72
179            android:directBootAware="true"
179-->[com.google.firebase:firebase-common:20.1.0] AndroidManifest.xml:29:13-43
180            android:exported="false"
180-->[com.google.firebase:firebase-common:20.1.0] AndroidManifest.xml:30:13-37
181            android:initOrder="100" />
181-->[com.google.firebase:firebase-common:20.1.0] AndroidManifest.xml:31:13-36
182
183        <activity
183-->[com.google.android.gms:play-services-auth:16.0.1] AndroidManifest.xml:23:9-27:75
184            android:name="com.google.android.gms.auth.api.signin.internal.SignInHubActivity"
184-->[com.google.android.gms:play-services-auth:16.0.1] AndroidManifest.xml:24:13-93
185            android:excludeFromRecents="true"
185-->[com.google.android.gms:play-services-auth:16.0.1] AndroidManifest.xml:25:13-46
186            android:exported="false"
186-->[com.google.android.gms:play-services-auth:16.0.1] AndroidManifest.xml:26:13-37
187            android:theme="@android:style/Theme.Translucent.NoTitleBar" />
187-->[com.google.android.gms:play-services-auth:16.0.1] AndroidManifest.xml:27:13-72
188        <!--
189            Service handling Google Sign-In user revocation. For apps that do not integrate with
190            Google Sign-In, this service will never be started.
191        -->
192        <service
192-->[com.google.android.gms:play-services-auth:16.0.1] AndroidManifest.xml:33:9-36:110
193            android:name="com.google.android.gms.auth.api.signin.RevocationBoundService"
193-->[com.google.android.gms:play-services-auth:16.0.1] AndroidManifest.xml:34:13-89
194            android:exported="true"
194-->[com.google.android.gms:play-services-auth:16.0.1] AndroidManifest.xml:35:13-36
195            android:permission="com.google.android.gms.auth.api.signin.permission.REVOCATION_NOTIFICATION" />
195-->[com.google.android.gms:play-services-auth:16.0.1] AndroidManifest.xml:36:13-107
196
197        <receiver
197-->[com.google.android.gms:play-services-measurement:20.1.2] AndroidManifest.xml:29:9-33:20
198            android:name="com.google.android.gms.measurement.AppMeasurementReceiver"
198-->[com.google.android.gms:play-services-measurement:20.1.2] AndroidManifest.xml:30:13-85
199            android:enabled="true"
199-->[com.google.android.gms:play-services-measurement:20.1.2] AndroidManifest.xml:31:13-35
200            android:exported="false" >
200-->[com.google.android.gms:play-services-measurement:20.1.2] AndroidManifest.xml:32:13-37
201        </receiver>
202
203        <service
203-->[com.google.android.gms:play-services-measurement:20.1.2] AndroidManifest.xml:35:9-38:40
204            android:name="com.google.android.gms.measurement.AppMeasurementService"
204-->[com.google.android.gms:play-services-measurement:20.1.2] AndroidManifest.xml:36:13-84
205            android:enabled="true"
205-->[com.google.android.gms:play-services-measurement:20.1.2] AndroidManifest.xml:37:13-35
206            android:exported="false" />
206-->[com.google.android.gms:play-services-measurement:20.1.2] AndroidManifest.xml:38:13-37
207        <service
207-->[com.google.android.gms:play-services-measurement:20.1.2] AndroidManifest.xml:39:9-43:72
208            android:name="com.google.android.gms.measurement.AppMeasurementJobService"
208-->[com.google.android.gms:play-services-measurement:20.1.2] AndroidManifest.xml:40:13-87
209            android:enabled="true"
209-->[com.google.android.gms:play-services-measurement:20.1.2] AndroidManifest.xml:41:13-35
210            android:exported="false"
210-->[com.google.android.gms:play-services-measurement:20.1.2] AndroidManifest.xml:42:13-37
211            android:permission="android.permission.BIND_JOB_SERVICE" />
211-->[com.google.android.gms:play-services-measurement:20.1.2] AndroidManifest.xml:43:13-69
212
213        <activity
213-->[com.google.android.gms:play-services-base:18.0.1] AndroidManifest.xml:20:9-22:45
214            android:name="com.google.android.gms.common.api.GoogleApiActivity"
214-->[com.google.android.gms:play-services-base:18.0.1] AndroidManifest.xml:20:19-85
215            android:exported="false"
215-->[com.google.android.gms:play-services-base:18.0.1] AndroidManifest.xml:22:19-43
216            android:theme="@android:style/Theme.Translucent.NoTitleBar" />
216-->[com.google.android.gms:play-services-base:18.0.1] AndroidManifest.xml:21:19-78
217
218        <meta-data
218-->[com.google.android.gms:play-services-basement:18.0.0] AndroidManifest.xml:21:9-23:69
219            android:name="com.google.android.gms.version"
219-->[com.google.android.gms:play-services-basement:18.0.0] AndroidManifest.xml:22:13-58
220            android:value="@integer/google_play_services_version" />
220-->[com.google.android.gms:play-services-basement:18.0.0] AndroidManifest.xml:23:13-66
221    </application>
222
223</manifest>